[2020-11-02T09:47:38.323] [DEBUG] cheese - login => username:admin,password:123456
[2020-11-02T09:47:38.325] [DEBUG] cheese - admin
[2020-11-02T09:47:38.347] [DEBUG] cheese - null
[2020-11-02T09:47:38.349] [DEBUG] cheese - null
<<<<<<< HEAD
[2020-11-06T11:22:00.801] [DEBUG] cheese - login => username:jshwe,password:12e3fvvv
[2020-11-06T11:22:00.803] [DEBUG] cheese - jshwe
[2020-11-06T11:22:00.836] [DEBUG] cheese - null
[2020-11-06T11:22:00.837] [DEBUG] cheese - null
[2020-11-06T11:23:13.885] [DEBUG] cheese - login => username:jshwe,password:12e3fvvv
[2020-11-06T11:23:13.885] [DEBUG] cheese - jshwe
[2020-11-06T11:23:13.887] [DEBUG] cheese - null
[2020-11-06T11:23:13.887] [DEBUG] cheese - null
[2020-11-06T11:23:21.902] [DEBUG] cheese - login => username:jshwe,password:12e3fvvv
[2020-11-06T11:23:21.902] [DEBUG] cheese - jshwe
[2020-11-06T11:23:21.905] [DEBUG] cheese - null
[2020-11-06T11:23:21.905] [DEBUG] cheese - null
[2020-11-06T11:23:28.065] [DEBUG] cheese - login => username:jshweed,password:12e3fvvv
[2020-11-06T11:23:28.066] [DEBUG] cheese - jshweed
[2020-11-06T11:23:28.069] [DEBUG] cheese - null
[2020-11-06T11:23:28.069] [DEBUG] cheese - null
[2020-11-06T11:26:09.131] [DEBUG] cheese - login => username:jshweed,password:12e3fvvv
[2020-11-06T11:26:09.132] [DEBUG] cheese - jshweed
[2020-11-06T11:26:09.138] [DEBUG] cheese - null
[2020-11-06T11:26:09.138] [DEBUG] cheese - null
[2020-11-06T11:26:23.223] [DEBUG] cheese - login => username:wed4ef,password:rfrfgvrtvbg
[2020-11-06T11:26:23.224] [DEBUG] cheese - wed4ef
[2020-11-06T11:26:23.225] [DEBUG] cheese - null
[2020-11-06T11:26:23.225] [DEBUG] cheese - null
[2020-11-06T11:26:32.353] [DEBUG] cheese - login => username:admin,password:123456
[2020-11-06T11:26:32.353] [DEBUG] cheese - admin
[2020-11-06T11:26:32.357] [DEBUG] cheese - null
[2020-11-06T11:26:32.358] [DEBUG] cheese - null
[2020-11-06T11:37:26.376] [DEBUG] cheese - login => username:admin,password:123456
[2020-11-06T11:37:26.376] [DEBUG] cheese - admin
[2020-11-06T11:37:26.381] [DEBUG] cheese - null
[2020-11-06T11:37:26.381] [DEBUG] cheese - null
[2020-11-09T14:25:42.601] [DEBUG] cheese - login => username:admin,password:123456
[2020-11-09T14:25:42.602] [DEBUG] cheese - admin
[2020-11-09T14:25:42.617] [DEBUG] cheese - null
[2020-11-09T14:25:42.617] [DEBUG] cheese - null
[2020-11-09T14:26:07.155] [DEBUG] cheese - login => username:ssdfrgf,password:gtrhytjyuh
[2020-11-09T14:26:07.155] [DEBUG] cheese - ssdfrgf
[2020-11-09T14:26:07.157] [DEBUG] cheese - null
[2020-11-09T14:26:07.157] [DEBUG] cheese - null
[2020-11-09T14:26:20.026] [DEBUG] cheese - login => username:admin,password:123456
[2020-11-09T14:26:20.026] [DEBUG] cheese - admin
[2020-11-09T14:26:20.028] [DEBUG] cheese - null
[2020-11-09T14:26:20.028] [DEBUG] cheese - null
[2020-11-09T14:49:31.092] [DEBUG] cheese - login => username:admin,password:123456
[2020-11-09T14:49:31.092] [DEBUG] cheese - admin
[2020-11-09T14:49:31.097] [DEBUG] cheese - null
[2020-11-09T14:49:31.097] [DEBUG] cheese - null
[2020-11-09T15:05:26.381] [DEBUG] cheese - login => username:admin,password:123456
[2020-11-09T15:05:26.382] [DEBUG] cheese - admin
[2020-11-09T15:05:26.387] [DEBUG] cheese - null
[2020-11-09T15:05:26.387] [DEBUG] cheese - null
[2020-11-09T15:14:48.612] [DEBUG] cheese - login => username:admin,password:123456
[2020-11-09T15:14:48.612] [DEBUG] cheese - admin
[2020-11-09T15:14:48.618] [DEBUG] cheese - null
[2020-11-09T15:14:48.618] [DEBUG] cheese - null
[2020-11-09T15:19:29.776] [DEBUG] cheese - login => username:admin,password:123456
[2020-11-09T15:19:29.777] [DEBUG] cheese - admin
[2020-11-09T15:19:29.782] [DEBUG] cheese - null
[2020-11-09T15:19:29.782] [DEBUG] cheese - null
[2020-11-09T16:05:20.915] [DEBUG] cheese - login => username:admin,password:123456
[2020-11-09T16:05:20.915] [DEBUG] cheese - admin
[2020-11-09T16:05:20.919] [DEBUG] cheese - null
[2020-11-09T16:05:20.920] [DEBUG] cheese - null
[2020-11-09T16:14:34.388] [DEBUG] cheese - login => username:admin,password:123456
[2020-11-09T16:14:34.389] [DEBUG] cheese - admin
[2020-11-09T16:14:34.395] [DEBUG] cheese - null
[2020-11-09T16:14:34.395] [DEBUG] cheese - null
[2020-11-09T16:15:56.364] [DEBUG] cheese - login => username:admin,password:123456
[2020-11-09T16:15:56.364] [DEBUG] cheese - admin
[2020-11-09T16:15:56.367] [DEBUG] cheese - null
[2020-11-09T16:15:56.367] [DEBUG] cheese - null
[2020-11-09T16:16:02.628] [DEBUG] cheese - login => username:admin,password:123456
[2020-11-09T16:16:02.628] [DEBUG] cheese - admin
[2020-11-09T16:16:02.631] [DEBUG] cheese - null
[2020-11-09T16:16:02.631] [DEBUG] cheese - null
[2020-11-09T16:16:13.771] [DEBUG] cheese - login => username:admin,password:123456
[2020-11-09T16:16:13.771] [DEBUG] cheese - admin
[2020-11-09T16:16:13.774] [DEBUG] cheese - null
[2020-11-09T16:16:13.774] [DEBUG] cheese - null
[2020-11-09T16:24:01.145] [DEBUG] cheese - login => username:admin,password:123456
[2020-11-09T16:24:01.145] [DEBUG] cheese - admin
[2020-11-09T16:24:01.150] [DEBUG] cheese - null
[2020-11-09T16:24:01.150] [DEBUG] cheese - null
[2020-11-09T16:49:18.993] [DEBUG] cheese - login => username:admin,password:123456
[2020-11-09T16:49:18.993] [DEBUG] cheese - admin
[2020-11-09T16:49:18.998] [DEBUG] cheese - null
[2020-11-09T16:49:18.999] [DEBUG] cheese - null
[2020-11-10T15:45:25.471] [DEBUG] cheese - login => username:admin,password:123456
[2020-11-10T15:45:25.472] [DEBUG] cheese - admin
[2020-11-10T15:45:25.496] [DEBUG] cheese - null
[2020-11-10T15:45:25.497] [DEBUG] cheese - null
[2020-11-11T21:35:44.240] [DEBUG] cheese - login => username:admin,password:123456
[2020-11-11T21:35:44.241] [DEBUG] cheese - admin
[2020-11-11T21:50:12.981] [DEBUG] cheese - login => username:admin,password:123456
[2020-11-11T21:50:12.981] [DEBUG] cheese - admin
[2020-11-11T21:50:12.995] [DEBUG] cheese - login => username:admin,password:123456
[2020-11-11T21:50:12.995] [DEBUG] cheese - admin
[2020-11-11T21:50:13.015] [DEBUG] cheese - null
[2020-11-11T21:50:13.015] [DEBUG] cheese - null
[2020-11-11T21:50:13.105] [DEBUG] cheese - null
[2020-11-11T21:50:13.105] [DEBUG] cheese - null
[2020-11-11T21:50:13.198] [DEBUG] cheese - null
[2020-11-11T21:50:13.198] [DEBUG] cheese - null
[2020-11-12T14:46:32.805] [DEBUG] cheese - login => username:admin,password:123456
[2020-11-12T14:46:32.807] [DEBUG] cheese - admin
[2020-11-12T14:46:32.844] [DEBUG] cheese - null
[2020-11-12T14:46:32.845] [DEBUG] cheese - null
[2020-11-12T14:50:43.702] [DEBUG] cheese - login => username:admin,password:123456
[2020-11-12T14:50:43.702] [DEBUG] cheese - admin
[2020-11-12T14:50:43.708] [DEBUG] cheese - null
[2020-11-12T14:50:43.709] [DEBUG] cheese - null
[2020-11-12T14:51:32.285] [DEBUG] cheese - login => username:admin,password:123456
[2020-11-12T14:51:32.286] [DEBUG] cheese - admin
[2020-11-12T14:51:32.289] [DEBUG] cheese - null
[2020-11-12T14:51:32.289] [DEBUG] cheese - null
[2020-11-12T14:52:23.767] [DEBUG] cheese - login => username:admin,password:123456
[2020-11-12T14:52:23.768] [DEBUG] cheese - admin
[2020-11-12T14:52:23.772] [DEBUG] cheese - null
[2020-11-12T14:52:23.772] [DEBUG] cheese - null
[2020-11-12T18:53:58.657] [DEBUG] cheese - login => username:admin,password:123456
[2020-11-12T18:53:58.658] [DEBUG] cheese - admin
[2020-11-12T18:53:58.665] [DEBUG] cheese - null
[2020-11-12T18:53:58.665] [DEBUG] cheese - null
[2020-11-12T18:54:45.067] [DEBUG] cheese - login => username:admin,password:123456
[2020-11-12T18:54:45.068] [DEBUG] cheese - admin
[2020-11-12T18:54:45.073] [DEBUG] cheese - null
[2020-11-12T18:54:45.073] [DEBUG] cheese - null
=======
>>>>>>> rights
[2020-11-16T08:49:20.400] [DEBUG] cheese - login => username:admin,password:123456
[2020-11-16T08:49:20.402] [DEBUG] cheese - admin
[2020-11-16T08:49:20.426] [DEBUG] cheese - null
[2020-11-16T08:49:20.426] [DEBUG] cheese - null
<<<<<<< HEAD
=======
[2020-11-17T15:56:41.138] [DEBUG] cheese - login => username:admin,password:123456
[2020-11-17T15:56:41.140] [DEBUG] cheese - admin
[2020-11-17T15:56:41.169] [DEBUG] cheese - null
[2020-11-17T15:56:41.170] [DEBUG] cheese - null
[2020-11-18T13:42:54.359] [DEBUG] cheese - login => username:admin,password:123456
[2020-11-18T13:42:54.361] [DEBUG] cheese - admin
[2020-11-18T13:42:54.391] [DEBUG] cheese - null
[2020-11-18T13:42:54.391] [DEBUG] cheese - null
[2020-11-18T20:11:32.228] [DEBUG] cheese - login => username:admin,password:123456
[2020-11-18T20:11:32.229] [DEBUG] cheese - admin
[2020-11-18T20:11:32.259] [DEBUG] cheese - null
[2020-11-18T20:11:32.260] [DEBUG] cheese - null
[2020-11-19T14:52:52.201] [DEBUG] cheese - login => username:admin,password:123456
[2020-11-19T14:52:52.202] [DEBUG] cheese - admin
[2020-11-19T14:52:52.210] [DEBUG] cheese - null
[2020-11-19T14:52:52.210] [DEBUG] cheese - null
[2020-11-20T09:12:44.642] [DEBUG] cheese - login => username:admin,password:123456
[2020-11-20T09:12:44.643] [DEBUG] cheese - admin
[2020-11-20T09:12:44.648] [DEBUG] cheese - null
[2020-11-20T09:12:44.648] [DEBUG] cheese - null
[2020-11-20T09:17:09.823] [DEBUG] cheese - login => username:admin,password:123456
[2020-11-20T09:17:09.824] [DEBUG] cheese - admin
[2020-11-20T09:17:09.827] [DEBUG] cheese - null
[2020-11-20T09:17:09.827] [DEBUG] cheese - null
[2020-11-20T14:07:58.573] [DEBUG] cheese - login => username:admin,password:123456
[2020-11-20T14:07:58.573] [DEBUG] cheese - admin
[2020-11-20T14:07:58.579] [DEBUG] cheese - null
[2020-11-20T14:07:58.579] [DEBUG] cheese - null
[2020-11-24T10:00:20.342] [DEBUG] cheese - login => username:admin,password:123456
[2020-11-24T10:00:20.343] [DEBUG] cheese - admin
[2020-11-24T10:00:20.370] [DEBUG] cheese - null
[2020-11-24T10:00:20.370] [DEBUG] cheese - null
[2020-11-24T11:05:43.961] [DEBUG] cheese - login => username:admin,password:123456
[2020-11-24T11:05:43.961] [DEBUG] cheese - admin
[2020-11-24T11:05:43.964] [DEBUG] cheese - null
[2020-11-24T11:05:43.965] [DEBUG] cheese - null
[2020-11-24T14:12:50.488] [DEBUG] cheese - login => username:admin,password:123456
[2020-11-24T14:12:50.488] [DEBUG] cheese - admin
[2020-11-24T14:12:50.495] [DEBUG] cheese - null
[2020-11-24T14:12:50.495] [DEBUG] cheese - null
[2020-11-25T14:36:39.901] [DEBUG] cheese - login => username:admin,password:123456
[2020-11-25T14:36:39.902] [DEBUG] cheese - admin
[2020-11-25T14:36:39.910] [DEBUG] cheese - null
[2020-11-25T14:36:39.910] [DEBUG] cheese - null
[2020-11-25T14:36:51.446] [DEBUG] cheese - null
[2020-11-25T14:39:28.920] [DEBUG] cheese - null
[2020-11-25T14:39:31.820] [DEBUG] cheese - null
[2020-11-25T14:39:37.100] [DEBUG] cheese - null
[2020-11-25T15:09:21.164] [DEBUG] cheese - login => username:admin,password:123456
[2020-11-25T15:09:21.164] [DEBUG] cheese - admin
[2020-11-25T15:09:21.168] [DEBUG] cheese - null
[2020-11-25T15:09:21.168] [DEBUG] cheese - null
[2020-11-25T16:37:45.610] [DEBUG] cheese - null
[2020-11-25T16:37:47.822] [DEBUG] cheese - null
[2020-11-25T16:37:50.350] [DEBUG] cheese - null
[2020-11-25T16:37:52.584] [DEBUG] cheese - null
[2020-11-25T19:54:59.198] [DEBUG] cheese - login => username:admin,password:123456
[2020-11-25T19:54:59.198] [DEBUG] cheese - admin
[2020-11-25T19:54:59.206] [DEBUG] cheese - null
[2020-11-25T19:54:59.206] [DEBUG] cheese - null
>>>>>>> rights
[2020-11-26T00:23:57.054] [DEBUG] cheese - login => username:admin,password:123456
[2020-11-26T00:23:57.058] [DEBUG] cheese - admin
[2020-11-26T00:23:57.081] [DEBUG] cheese - null
[2020-11-26T00:23:57.082] [DEBUG] cheese - null
[2020-11-26T08:30:33.841] [DEBUG] cheese - login => username:admin,password:123456
[2020-11-26T08:30:33.844] [DEBUG] cheese - admin
[2020-11-26T08:30:33.847] [DEBUG] cheese - null
[2020-11-26T08:30:33.848] [DEBUG] cheese - null
[2020-11-26T08:32:27.182] [DEBUG] cheese - login => username:admin,password:123456
[2020-11-26T08:32:27.183] [DEBUG] cheese - admin
[2020-11-26T08:32:27.185] [DEBUG] cheese - null
[2020-11-26T08:32:27.186] [DEBUG] cheese - null
[2020-11-26T16:38:25.378] [DEBUG] cheese - login => username:admin,password:123456
[2020-11-26T16:38:25.381] [DEBUG] cheese - admin
[2020-11-26T16:38:25.389] [DEBUG] cheese - null
[2020-11-26T16:38:25.390] [DEBUG] cheese - null
[2020-11-26T18:18:57.535] [DEBUG] cheese - login => username:admin,password:123456
[2020-11-26T18:18:57.536] [DEBUG] cheese - admin
[2020-11-26T18:18:57.540] [DEBUG] cheese - null
[2020-11-26T18:18:57.540] [DEBUG] cheese - null
[2020-11-30T13:47:50.831] [DEBUG] cheese - login => username:admin,password:123456
[2020-11-30T13:47:50.833] [DEBUG] cheese - admin
[2020-11-30T13:47:50.856] [DEBUG] cheese - null
[2020-11-30T13:47:50.856] [DEBUG] cheese - null
[2020-11-30T14:12:20.582] [DEBUG] cheese - login => username:admin,password:123456
[2020-11-30T14:12:20.584] [DEBUG] cheese - admin
[2020-11-30T14:12:20.588] [DEBUG] cheese - null
[2020-11-30T14:12:20.589] [DEBUG] cheese - null
[2022-07-21T11:22:39.339] [DEBUG] cheese - login => username:admin,password:123456
[2022-07-21T11:22:39.340] [DEBUG] cheese - admin
[2022-07-21T11:22:39.353] [DEBUG] cheese - null
[2022-07-21T11:22:39.354] [DEBUG] cheese - null
[2022-07-21T11:30:48.786] [DEBUG] cheese - login => username:linken,password:123456
[2022-07-21T11:30:48.787] [DEBUG] cheese - linken
[2022-07-21T11:30:48.791] [DEBUG] cheese - null
[2022-07-21T11:30:48.792] [DEBUG] cheese - null
[2022-07-21T11:30:52.252] [DEBUG] cheese - login => username:linken,password:123456
[2022-07-21T11:30:52.253] [DEBUG] cheese - linken
[2022-07-21T11:30:52.256] [DEBUG] cheese - null
[2022-07-21T11:30:52.256] [DEBUG] cheese - null
[2022-07-21T11:31:06.078] [DEBUG] cheese - login => username:linken,password:12345678
[2022-07-21T11:31:06.078] [DEBUG] cheese - linken
[2022-07-21T11:31:06.081] [DEBUG] cheese - null
[2022-07-21T11:31:06.081] [DEBUG] cheese - null
[2022-07-21T11:31:22.037] [DEBUG] cheese - login => username:admin,password:123456
[2022-07-21T11:31:22.037] [DEBUG] cheese - admin
[2022-07-21T11:31:22.039] [DEBUG] cheese - null
[2022-07-21T11:31:22.039] [DEBUG] cheese - null
